<?xml version="1.0" encoding="UTF-8"?>
<testng-results skipped="0" failed="0" ignored="0" total="1" passed="1">
  <reporter-output>
  </reporter-output>
  <suite name="Default suite" duration-ms="19289" started-at="2019-04-25T02:32:31Z" finished-at="2019-04-25T02:32:51Z">
    <groups>
    </groups>
    <test name="Default test" duration-ms="19289" started-at="2019-04-25T02:32:31Z" finished-at="2019-04-25T02:32:51Z">
      <class name="hfirst.hef.SimpleLaunchingApp">
        <test-method status="PASS" signature="tc_001()[pri:0, instance:hfirst.hef.SimpleLaunchingApp@e45eb6]" name="tc_001" duration-ms="19251" started-at="2019-04-25T08:02:31Z" finished-at="2019-04-25T08:02:51Z">
          <reporter-output>
          </reporter-output>
        </test-method> <!-- tc_001 -->
      </class> <!-- hfirst.hef.SimpleLaunchingApp -->
    </test> <!-- Default test -->
  </suite> <!-- Default suite -->
</testng-results>
